Base path: 'C:/Program Files/Unity/Hub/Editor/2019.4.10f1/Editor/Data', plugins path 'C:/Program Files/Unity/Hub/Editor/2019.4.10f1/Editor/Data/PlaybackEngines'
Cmd: initializeCompiler
Cmd: preprocessCompute
  insize=6441 outsize=6443 ok=1
Cmd: preprocessCompute
  insize=5811 outsize=5813 ok=1
Cmd: preprocess
  insize=40680 outsize=622 ok=1
Cmd: preprocessCompute
  insize=6441 outsize=6443 ok=1
Cmd: preprocessCompute
  insize=5811 outsize=5813 ok=1
Cmd: preprocess
  insize=40680 outsize=622 ok=1
Cmd: preprocessCompute
  insize=6381 outsize=6383 ok=1
Cmd: preprocessCompute
  insize=5823 outsize=5825 ok=1
Cmd: preprocess
  insize=39712 outsize=630 ok=1
Cmd: preprocessCompute
  insize=1975 outsize=1977 ok=1
Cmd: preprocessCompute
  insize=6441 outsize=6443 ok=1
Cmd: preprocessCompute
  insize=5811 outsize=5813 ok=1
Cmd: preprocess
  insize=40680 outsize=622 ok=1
Cmd: preprocessCompute
  insize=6347 outsize=6349 ok=1
Cmd: preprocessCompute
  insize=5823 outsize=5825 ok=1
Cmd: preprocess
  insize=39712 outsize=630 ok=1
Cmd: preprocessCompute
  insize=1975 outsize=1977 ok=1
Cmd: preprocessCompute
  insize=6347 outsize=6349 ok=1
Cmd: preprocessCompute
  insize=5823 outsize=5825 ok=1
Cmd: preprocess
  insize=39712 outsize=630 ok=1
Cmd: preprocessCompute
  insize=1975 outsize=1977 ok=1
Cmd: preprocessCompute
  insize=6347 outsize=6349 ok=1
Cmd: preprocessCompute
  insize=5823 outsize=5825 ok=1
Cmd: preprocess
  insize=39712 outsize=630 ok=1
Cmd: preprocessCompute
  insize=1975 outsize=1977 ok=1
Cmd: preprocessCompute
  insize=6345 outsize=6347 ok=1
Cmd: compileComputeKernel
  api=4 insize=6347 outsize=2195 ok=1
Cmd: preprocessCompute
  insize=5783 outsize=5785 ok=1
Cmd: compileComputeKernel
  api=4 insize=5785 outsize=1402 ok=1
Cmd: preprocess
  insize=39623 outsize=618 ok=1
Cmd: preprocessCompute
  insize=6524 outsize=6526 ok=1
Cmd: compileComputeKernel
  api=4 insize=6526 outsize=2207 ok=1
Cmd: preprocessCompute
  insize=6433 outsize=6435 ok=1
Cmd: compileComputeKernel
  api=4 insize=6435 outsize=1500 ok=1
Cmd: preprocess
  insize=39775 outsize=617 ok=1
Cmd: preprocessCompute
  insize=6345 outsize=6347 ok=1
Cmd: preprocessCompute
  insize=5783 outsize=5785 ok=1
Cmd: preprocess
  insize=39623 outsize=618 ok=1
Cmd: preprocessCompute
  insize=6610 outsize=6612 ok=1
Cmd: compileComputeKernel
  api=4 insize=6612 outsize=2235 ok=1
Cmd: preprocessCompute
  insize=6884 outsize=6886 ok=1
Cmd: compileComputeKernel
  api=4 insize=6886 outsize=1796 ok=1
Cmd: preprocess
  insize=39775 outsize=617 ok=1
Cmd: preprocessCompute
  insize=6860 outsize=6862 ok=1
Cmd: compileComputeKernel
  api=4 insize=6862 outsize=2505 ok=1
Cmd: preprocessCompute
  insize=5783 outsize=5785 ok=1
Cmd: compileComputeKernel
  api=4 insize=5785 outsize=1402 ok=1
Cmd: preprocess
  insize=39775 outsize=617 ok=1
Cmd: preprocessCompute
  insize=6146 outsize=6148 ok=1
Cmd: compileComputeKernel
  api=4 insize=6148 outsize=1976 ok=1
Cmd: preprocessCompute
  insize=4967 outsize=4969 ok=1
Cmd: compileComputeKernel
  api=4 insize=4969 outsize=983 ok=1
Cmd: preprocess
  insize=39427 outsize=618 ok=1
Cmd: preprocessCompute
  insize=6860 outsize=6862 ok=1
Cmd: preprocessCompute
  insize=5783 outsize=5785 ok=1
Cmd: preprocess
  insize=39775 outsize=617 ok=1
Cmd: preprocessCompute
  insize=6860 outsize=6862 ok=1
Cmd: preprocessCompute
  insize=5783 outsize=5785 ok=1
Cmd: preprocess
  insize=39775 outsize=617 ok=1
Cmd: preprocessCompute
  insize=6860 outsize=6862 ok=1
Cmd: preprocessCompute
  insize=5783 outsize=5785 ok=1
Cmd: preprocess
  insize=39775 outsize=617 ok=1
Cmd: preprocessCompute
  insize=6860 outsize=6862 ok=1
Cmd: preprocessCompute
  insize=5783 outsize=5785 ok=1
Cmd: preprocess
  insize=39775 outsize=617 ok=1
Cmd: preprocessCompute
  insize=6860 outsize=6862 ok=1
Cmd: preprocessCompute
  insize=5783 outsize=5785 ok=1
Cmd: preprocess
  insize=39775 outsize=617 ok=1
Cmd: preprocessCompute
  insize=6860 outsize=6862 ok=1
Cmd: preprocessCompute
  insize=5783 outsize=5785 ok=1
Cmd: preprocess
  insize=39775 outsize=617 ok=1
Cmd: preprocessCompute
  insize=6860 outsize=6862 ok=1
Cmd: preprocessCompute
  insize=5783 outsize=5785 ok=1
Cmd: preprocess
  insize=39775 outsize=617 ok=1
Cmd: preprocessCompute
  insize=6860 outsize=6862 ok=1
Cmd: preprocessCompute
  insize=5783 outsize=5785 ok=1
Cmd: preprocess
  insize=39775 outsize=617 ok=1
Cmd: preprocessCompute
  insize=6860 outsize=6862 ok=1
Cmd: preprocessCompute
  insize=5783 outsize=5785 ok=1
Cmd: preprocess
  insize=39775 outsize=617 ok=1
Cmd: preprocessCompute
  insize=6860 outsize=6862 ok=1
Cmd: preprocessCompute
  insize=5783 outsize=5785 ok=1
Cmd: preprocess
  insize=39775 outsize=617 ok=1
Cmd: preprocessCompute
  insize=6860 outsize=6862 ok=1
Cmd: preprocessCompute
  insize=5783 outsize=5785 ok=1
Cmd: preprocess
  insize=39775 outsize=617 ok=1
Cmd: preprocessCompute
  insize=6860 outsize=6862 ok=1
Cmd: preprocessCompute
  insize=5783 outsize=5785 ok=1
Cmd: preprocess
  insize=39775 outsize=617 ok=1
Cmd: preprocessCompute
  insize=6441 outsize=6443 ok=1
Cmd: preprocessCompute
  insize=5811 outsize=5813 ok=1
Cmd: preprocess
  insize=40680 outsize=622 ok=1
Cmd: preprocessCompute
  insize=6860 outsize=6862 ok=1
Cmd: preprocessCompute
  insize=5783 outsize=5785 ok=1
Cmd: preprocess
  insize=39775 outsize=617 ok=1
Cmd: preprocessCompute
  insize=6860 outsize=6862 ok=1
Cmd: preprocessCompute
  insize=5783 outsize=5785 ok=1
Cmd: preprocess
  insize=39775 outsize=617 ok=1
Cmd: preprocessCompute
  insize=6860 outsize=6862 ok=1
Cmd: preprocessCompute
  insize=5783 outsize=5785 ok=1
Cmd: preprocess
  insize=39775 outsize=617 ok=1
Cmd: preprocessCompute
  insize=6860 outsize=6862 ok=1
Cmd: preprocessCompute
  insize=5783 outsize=5785 ok=1
Cmd: preprocess
  insize=39775 outsize=617 ok=1
Cmd: preprocessCompute
  insize=6860 outsize=6862 ok=1
Cmd: preprocessCompute
  insize=5783 outsize=5785 ok=1
Cmd: preprocess
  insize=39775 outsize=617 ok=1
Cmd: preprocessCompute
  insize=6860 outsize=6862 ok=1
Cmd: preprocessCompute
  insize=5783 outsize=5785 ok=1
Cmd: preprocess
  insize=39775 outsize=617 ok=1
Cmd: preprocessCompute
  insize=6860 outsize=6862 ok=1
Cmd: compileComputeKernel
  api=4 insize=6862 outsize=2517 ok=1
Cmd: preprocessCompute
  insize=6448 outsize=6450 ok=1
Cmd: compileComputeKernel
  api=4 insize=6450 outsize=1390 ok=1
Cmd: preprocess
  insize=39775 outsize=618 ok=1
Cmd: preprocessCompute
  insize=6860 outsize=6862 ok=1
Cmd: preprocessCompute
  insize=6448 outsize=6450 ok=1
Cmd: preprocess
  insize=39775 outsize=618 ok=1
Cmd: preprocessCompute
  insize=6860 outsize=6862 ok=1
Cmd: preprocessCompute
  insize=6448 outsize=6450 ok=1
Cmd: preprocess
  insize=39775 outsize=618 ok=1
Cmd: preprocessCompute
  insize=6860 outsize=6862 ok=1
Cmd: preprocessCompute
  insize=6448 outsize=6450 ok=1
Cmd: preprocess
  insize=39775 outsize=618 ok=1
Cmd: preprocessCompute
  insize=6860 outsize=6862 ok=1
Cmd: preprocessCompute
  insize=6501 outsize=6503 ok=1
Cmd: compileComputeKernel
  api=4 insize=6503 outsize=1390 ok=1
Cmd: preprocess
  insize=39775 outsize=618 ok=1
Cmd: preprocessCompute
  insize=6860 outsize=6862 ok=1
Cmd: preprocessCompute
  insize=6849 outsize=6851 ok=1
Cmd: compileComputeKernel
  api=4 insize=6851 outsize=1807 ok=1
Cmd: preprocess
  insize=39775 outsize=618 ok=1
Cmd: preprocessCompute
  insize=4211 outsize=4213 ok=1
Cmd: compileComputeKernel
  api=4 insize=4213 outsize=223 ok=1
Cmd: preprocessCompute
  insize=3492 outsize=3494 ok=1
Cmd: compileComputeKernel
  api=4 insize=3494 outsize=659 ok=1
Cmd: preprocess
  insize=35137 outsize=631 ok=1
Cmd: preprocessCompute
  insize=1903 outsize=1905 ok=1
Cmd: compileComputeKernel
  api=4 insize=1905 outsize=1006 ok=1
Cmd: preprocessCompute
  insize=6860 outsize=6862 ok=1
Cmd: preprocessCompute
  insize=6849 outsize=6851 ok=1
Cmd: preprocess
  insize=39775 outsize=618 ok=1
Cmd: preprocessCompute
  insize=4211 outsize=4213 ok=1
Cmd: preprocessCompute
  insize=3492 outsize=3494 ok=1
Cmd: preprocess
  insize=35137 outsize=631 ok=1
Cmd: preprocessCompute
  insize=1903 outsize=1905 ok=1
Cmd: preprocessCompute
  insize=6860 outsize=6862 ok=1
Cmd: preprocessCompute
  insize=6849 outsize=6851 ok=1
Cmd: preprocess
  insize=39775 outsize=618 ok=1
Cmd: preprocessCompute
  insize=4211 outsize=4213 ok=1
Cmd: preprocessCompute
  insize=3492 outsize=3494 ok=1
Cmd: preprocess
  insize=35137 outsize=631 ok=1
Cmd: preprocessCompute
  insize=1903 outsize=1905 ok=1
Cmd: preprocessCompute
  insize=6860 outsize=6862 ok=1
Cmd: preprocessCompute
  insize=6849 outsize=6851 ok=1
Cmd: preprocess
  insize=39775 outsize=618 ok=1
Cmd: preprocessCompute
  insize=5069 outsize=5071 ok=1
Cmd: compileComputeKernel
  api=4 insize=5071 outsize=1082 ok=1
Cmd: preprocessCompute
  insize=4915 outsize=4917 ok=1
Cmd: compileComputeKernel
  api=4 insize=4917 outsize=1260 ok=1
Cmd: preprocess
  insize=35325 outsize=629 ok=1
Cmd: preprocessCompute
  insize=1933 outsize=1935 ok=1
Cmd: compileComputeKernel
  api=4 insize=1935 outsize=1119 ok=1
Cmd: preprocessCompute
  insize=6860 outsize=6862 ok=1
Cmd: preprocessCompute
  insize=6849 outsize=6851 ok=1
Cmd: preprocess
  insize=39775 outsize=618 ok=1
Cmd: preprocessCompute
  insize=4211 outsize=4213 ok=1
Cmd: preprocessCompute
  insize=3492 outsize=3494 ok=1
Cmd: preprocess
  insize=35137 outsize=631 ok=1
Cmd: preprocessCompute
  insize=1903 outsize=1905 ok=1
Cmd: preprocessCompute
  insize=6860 outsize=6862 ok=1
Cmd: preprocessCompute
  insize=6849 outsize=6851 ok=1
Cmd: preprocess
  insize=39775 outsize=618 ok=1
Cmd: preprocessCompute
  insize=5213 outsize=5215 ok=1
Cmd: compileComputeKernel
  api=4 insize=5215 outsize=1768 ok=1
Cmd: preprocessCompute
  insize=4915 outsize=4917 ok=1
Cmd: preprocess
  insize=35325 outsize=629 ok=1
Cmd: preprocessCompute
  insize=1933 outsize=1935 ok=1
Cmd: preprocessCompute
  insize=6860 outsize=6862 ok=1
Cmd: preprocessCompute
  insize=6849 outsize=6851 ok=1
Cmd: preprocess
  insize=39775 outsize=618 ok=1
Cmd: preprocessCompute
  insize=5479 outsize=5481 ok=1
Cmd: compileComputeKernel
  api=4 insize=5481 outsize=1836 ok=1
Cmd: preprocessCompute
  insize=6025 outsize=6027 ok=1
Cmd: compileComputeKernel
  api=4 insize=6027 outsize=1702 ok=1
Cmd: preprocess
  insize=35485 outsize=630 ok=1
Cmd: preprocessCompute
  insize=1933 outsize=1935 ok=1
Cmd: preprocessCompute
  insize=6860 outsize=6862 ok=1
Cmd: preprocessCompute
  insize=6849 outsize=6851 ok=1
Cmd: preprocess
  insize=39775 outsize=618 ok=1
Cmd: preprocessCompute
  insize=5692 outsize=5694 ok=1
Cmd: compileComputeKernel
  api=4 insize=5694 outsize=2010 ok=1
Cmd: preprocessCompute
  insize=4919 outsize=4921 ok=1
Cmd: compileComputeKernel
  api=4 insize=4921 outsize=1260 ok=1
Cmd: preprocess
  insize=35481 outsize=630 ok=1
Cmd: preprocessCompute
  insize=1933 outsize=1935 ok=1
Cmd: preprocessCompute
  insize=6860 outsize=6862 ok=1
Cmd: preprocessCompute
  insize=6849 outsize=6851 ok=1
Cmd: preprocess
  insize=39775 outsize=618 ok=1
Cmd: preprocessCompute
  insize=5887 outsize=5889 ok=1
Cmd: compileComputeKernel
  api=4 insize=5889 outsize=2062 ok=1
Cmd: preprocessCompute
  insize=5894 outsize=5896 ok=1
Cmd: compileComputeKernel
  api=4 insize=5896 outsize=1408 ok=1
Cmd: preprocess
  insize=35739 outsize=631 ok=1
Cmd: preprocessCompute
  insize=1976 outsize=1978 ok=1
Cmd: compileComputeKernel
  api=4 insize=1978 outsize=1398 ok=1
Cmd: preprocessCompute
  insize=6860 outsize=6862 ok=1
Cmd: preprocessCompute
  insize=6849 outsize=6851 ok=1
Cmd: preprocess
  insize=39775 outsize=618 ok=1
Cmd: preprocessCompute
  insize=6371 outsize=6373 ok=1
Cmd: compileComputeKernel
  api=4 insize=6373 outsize=2284 ok=1
Cmd: preprocessCompute
  insize=4919 outsize=4921 ok=1
Cmd: compileComputeKernel
  api=4 insize=4921 outsize=1260 ok=1
Cmd: preprocess
  insize=35739 outsize=631 ok=1
Cmd: preprocessCompute
  insize=1976 outsize=1978 ok=1
Cmd: preprocessCompute
  insize=6860 outsize=6862 ok=1
Cmd: preprocessCompute
  insize=6849 outsize=6851 ok=1
Cmd: preprocess
  insize=39775 outsize=618 ok=1
Cmd: preprocessCompute
  insize=6370 outsize=6372 ok=1
Cmd: compileComputeKernel
  api=4 insize=6372 outsize=2256 ok=1
Cmd: preprocessCompute
  insize=4887 outsize=4889 ok=1
Cmd: compileComputeKernel
  api=4 insize=4889 outsize=1154 ok=1
Cmd: preprocess
  insize=35652 outsize=618 ok=1
Cmd: preprocessCompute
  insize=6860 outsize=6862 ok=1
Cmd: preprocessCompute
  insize=6849 outsize=6851 ok=1
Cmd: preprocess
  insize=39775 outsize=618 ok=1
Cmd: preprocessCompute
  insize=6370 outsize=6372 ok=1
Cmd: compileComputeKernel
  api=4 insize=6372 outsize=2240 ok=1
Cmd: preprocessCompute
  insize=4887 outsize=4889 ok=1
Cmd: compileComputeKernel
  api=4 insize=4889 outsize=1210 ok=1
Cmd: preprocess
  insize=37439 outsize=617 ok=1
Cmd: preprocessCompute
  insize=6860 outsize=6862 ok=1
Cmd: preprocessCompute
  insize=6849 outsize=6851 ok=1
Cmd: preprocess
  insize=38814 outsize=618 ok=1
Cmd: preprocessCompute
  insize=6370 outsize=6372 ok=1
Cmd: preprocessCompute
  insize=4887 outsize=4889 ok=1
Cmd: preprocess
  insize=37439 outsize=617 ok=1
Cmd: preprocessCompute
  insize=6860 outsize=6862 ok=1
Cmd: preprocessCompute
  insize=6849 outsize=6851 ok=1
Cmd: preprocess
  insize=38814 outsize=618 ok=1
Cmd: preprocessCompute
  insize=6727 outsize=6729 ok=1
Cmd: compileComputeKernel
  api=4 insize=6729 outsize=2280 ok=1
Cmd: preprocessCompute
  insize=6316 outsize=6318 ok=1
Cmd: compileComputeKernel
  api=4 insize=6318 outsize=1525 ok=1
Cmd: preprocess
  insize=37807 outsize=617 ok=1
Cmd: preprocessCompute
  insize=6860 outsize=6862 ok=1
Cmd: preprocessCompute
  insize=6849 outsize=6851 ok=1
Cmd: preprocess
  insize=38814 outsize=618 ok=1
Cmd: preprocessCompute
  insize=6370 outsize=6372 ok=1
Cmd: preprocessCompute
  insize=4887 outsize=4889 ok=1
Cmd: preprocess
  insize=38601 outsize=618 ok=1
Cmd: preprocessCompute
  insize=6860 outsize=6862 ok=1
Cmd: preprocessCompute
  insize=6849 outsize=6851 ok=1
Cmd: preprocess
  insize=38814 outsize=618 ok=1
Cmd: preprocessCompute
  insize=6370 outsize=6372 ok=1
Cmd: preprocessCompute
  insize=4887 outsize=4889 ok=1
Cmd: preprocess
  insize=38601 outsize=618 ok=1
Cmd: preprocessCompute
  insize=6860 outsize=6862 ok=1
Cmd: preprocessCompute
  insize=6849 outsize=6851 ok=1
Cmd: preprocess
  insize=38814 outsize=618 ok=1
Cmd: preprocessCompute
  insize=6370 outsize=6372 ok=1
Cmd: preprocessCompute
  insize=4887 outsize=4889 ok=1
Cmd: preprocess
  insize=38601 outsize=618 ok=1
Cmd: preprocessCompute
  insize=6860 outsize=6862 ok=1
Cmd: preprocessCompute
  insize=6849 outsize=6851 ok=1
Cmd: preprocess
  insize=38814 outsize=618 ok=1
Cmd: preprocessCompute
  insize=6374 outsize=6376 ok=1
Cmd: compileComputeKernel
  api=4 insize=6376 outsize=2240 ok=1
Cmd: preprocessCompute
  insize=4895 outsize=4897 ok=1
Cmd: compileComputeKernel
  api=4 insize=4897 outsize=1210 ok=1
Cmd: preprocess
  insize=38619 outsize=616 ok=1
Cmd: preprocessCompute
  insize=6860 outsize=6862 ok=1
Cmd: preprocessCompute
  insize=6849 outsize=6851 ok=1
Cmd: preprocess
  insize=38814 outsize=618 ok=1
Cmd: preprocessCompute
  insize=6374 outsize=6376 ok=1
Cmd: preprocessCompute
  insize=4895 outsize=4897 ok=1
Cmd: preprocess
  insize=38619 outsize=616 ok=1
Cmd: preprocessCompute
  insize=6860 outsize=6862 ok=1
Cmd: preprocessCompute
  insize=6849 outsize=6851 ok=1
Cmd: preprocess
  insize=38814 outsize=618 ok=1
Cmd: preprocessCompute
  insize=6374 outsize=6376 ok=1
Cmd: preprocessCompute
  insize=4895 outsize=4897 ok=1
Cmd: preprocess
  insize=38619 outsize=616 ok=1
Cmd: preprocessCompute
  insize=6860 outsize=6862 ok=1
Cmd: preprocessCompute
  insize=6849 outsize=6851 ok=1
Cmd: preprocess
  insize=38814 outsize=618 ok=1
Cmd: preprocessCompute
  insize=6374 outsize=6376 ok=1
Cmd: preprocessCompute
  insize=4895 outsize=4897 ok=1
Cmd: preprocess
  insize=38619 outsize=616 ok=1
Cmd: preprocessCompute
  insize=6860 outsize=6862 ok=1
Cmd: preprocessCompute
  insize=6849 outsize=6851 ok=1
Cmd: preprocess
  insize=38814 outsize=618 ok=1
Cmd: preprocessCompute
  insize=6859 outsize=6861 ok=1
Cmd: compileComputeKernel
  api=4 insize=6861 outsize=2416 ok=1
Cmd: preprocessCompute
  insize=7431 outsize=7433 ok=1
Cmd: compileComputeKernel
  api=4 insize=7433 outsize=2309 ok=1
Cmd: preprocess
  insize=38629 outsize=618 ok=1
Cmd: preprocessCompute
  insize=6860 outsize=6862 ok=1
Cmd: preprocessCompute
  insize=6849 outsize=6851 ok=1
Cmd: preprocess
  insize=38814 outsize=618 ok=1
Cmd: preprocessCompute
  insize=7270 outsize=7272 ok=1
Cmd: compileComputeKernel
  api=4 insize=7272 outsize=3071 ok=1
Cmd: preprocessCompute
  insize=5799 outsize=5801 ok=1
Cmd: compileComputeKernel
  api=4 insize=5801 outsize=1402 ok=1
Cmd: preprocess
  insize=38611 outsize=617 ok=1
Cmd: preprocessCompute
  insize=6860 outsize=6862 ok=1
Cmd: preprocessCompute
  insize=6849 outsize=6851 ok=1
Cmd: preprocess
  insize=38814 outsize=618 ok=1
Cmd: preprocessCompute
  insize=7272 outsize=7274 ok=1
Cmd: compileComputeKernel
  api=4 insize=7274 outsize=3063 ok=1
Cmd: preprocessCompute
  insize=5809 outsize=5811 ok=1
Cmd: compileComputeKernel
  api=4 insize=5811 outsize=1402 ok=1
Cmd: preprocess
  insize=38625 outsize=618 ok=1
Cmd: preprocessCompute
  insize=6860 outsize=6862 ok=1
Cmd: preprocessCompute
  insize=6849 outsize=6851 ok=1
Cmd: preprocess
  insize=38814 outsize=618 ok=1
Cmd: preprocessCompute
  insize=7272 outsize=7274 ok=1
Cmd: preprocessCompute
  insize=6211 outsize=6213 ok=1
Cmd: compileComputeKernel
  api=4 insize=6213 outsize=1505 ok=1
Cmd: preprocess
  insize=38625 outsize=618 ok=1
Cmd: preprocessCompute
  insize=6860 outsize=6862 ok=1
Cmd: preprocessCompute
  insize=6501 outsize=6503 ok=1
Cmd: preprocess
  insize=38814 outsize=618 ok=1
Cmd: preprocessCompute
  insize=6860 outsize=6862 ok=1
Cmd: preprocessCompute
  insize=6849 outsize=6851 ok=1
Cmd: preprocess
  insize=38814 outsize=618 ok=1
Cmd: preprocessCompute
  insize=7272 outsize=7274 ok=1
Cmd: preprocessCompute
  insize=6211 outsize=6213 ok=1
Cmd: preprocess
  insize=38625 outsize=618 ok=1
Cmd: preprocessCompute
  insize=6860 outsize=6862 ok=1
Cmd: compileComputeKernel
  api=4 insize=6862 outsize=2517 ok=1
Cmd: preprocessCompute
  insize=6849 outsize=6851 ok=1
Cmd: compileComputeKernel
  api=4 insize=6851 outsize=1807 ok=1
Cmd: preprocess
  insize=38814 outsize=616 ok=1
Cmd: preprocessCompute
  insize=7272 outsize=7274 ok=1
Cmd: preprocessCompute
  insize=6211 outsize=6213 ok=1
Cmd: preprocess
  insize=38625 outsize=618 ok=1
Cmd: preprocessCompute
  insize=6860 outsize=6862 ok=1
Cmd: preprocessCompute
  insize=6849 outsize=6851 ok=1
Cmd: preprocess
  insize=38814 outsize=618 ok=1
Cmd: preprocessCompute
  insize=7272 outsize=7274 ok=1
Cmd: preprocessCompute
  insize=6211 outsize=6213 ok=1
Cmd: preprocess
  insize=38625 outsize=618 ok=1
Cmd: preprocessCompute
  insize=6946 outsize=6948 ok=1
Cmd: compileComputeKernel
  api=4 insize=6948 outsize=2573 ok=1
Cmd: preprocessCompute
  insize=7687 outsize=7689 ok=1
Cmd: compileComputeKernel
  api=4 insize=7689 outsize=2181 ok=1
Cmd: preprocess
  insize=38814 outsize=617 ok=1
Cmd: preprocessCompute
  insize=7272 outsize=7274 ok=1
Cmd: compileComputeKernel
  api=4 insize=7274 outsize=3063 ok=1
Cmd: preprocessCompute
  insize=6211 outsize=6213 ok=1
Cmd: preprocess
  insize=38625 outsize=618 ok=1
Cmd: preprocessCompute
  insize=7244 outsize=7246 ok=1
Cmd: compileComputeKernel
  api=4 insize=7246 outsize=2743 ok=1
Cmd: preprocessCompute
  insize=6849 outsize=6851 ok=1
Cmd: compileComputeKernel
  api=4 insize=6851 outsize=1791 ok=1
Cmd: preprocess
  insize=38814 outsize=617 ok=1
Cmd: preprocessCompute
  insize=7272 outsize=7274 ok=1
Cmd: preprocessCompute
  insize=6211 outsize=6213 ok=1
Cmd: preprocess
  insize=38625 outsize=618 ok=1
Cmd: preprocessCompute
  insize=7244 outsize=7246 ok=1
Cmd: preprocessCompute
  insize=6849 outsize=6851 ok=1
Cmd: preprocess
  insize=38814 outsize=617 ok=1
Cmd: preprocessCompute
  insize=7272 outsize=7274 ok=1
Cmd: preprocessCompute
  insize=6211 outsize=6213 ok=1
Cmd: preprocess
  insize=38625 outsize=618 ok=1
Cmd: preprocessCompute
  insize=7244 outsize=7246 ok=1
Cmd: preprocessCompute
  insize=6849 outsize=6851 ok=1
Cmd: preprocess
  insize=38814 outsize=617 ok=1
Cmd: preprocessCompute
  insize=7272 outsize=7274 ok=1
Cmd: preprocessCompute
  insize=6211 outsize=6213 ok=1
Cmd: preprocess
  insize=38625 outsize=618 ok=1
Cmd: preprocessCompute
  insize=7244 outsize=7246 ok=1
Cmd: preprocessCompute
  insize=6849 outsize=6851 ok=1
Cmd: preprocess
  insize=38814 outsize=617 ok=1
Cmd: preprocessCompute
  insize=7272 outsize=7274 ok=1
Cmd: preprocessCompute
  insize=6211 outsize=6213 ok=1
Cmd: preprocess
  insize=38625 outsize=618 ok=1
Cmd: preprocessCompute
  insize=7244 outsize=7246 ok=1
Cmd: preprocessCompute
  insize=6849 outsize=6851 ok=1
Cmd: preprocess
  insize=38814 outsize=617 ok=1
Cmd: preprocessCompute
  insize=7272 outsize=7274 ok=1
Cmd: preprocessCompute
  insize=6211 outsize=6213 ok=1
Cmd: preprocess
  insize=38625 outsize=618 ok=1
Cmd: preprocessCompute
  insize=7244 outsize=7246 ok=1
Cmd: preprocessCompute
  insize=6849 outsize=6851 ok=1
Cmd: preprocess
  insize=38814 outsize=617 ok=1
Cmd: preprocessCompute
  insize=7272 outsize=7274 ok=1
Cmd: preprocessCompute
  insize=6211 outsize=6213 ok=1
Cmd: preprocess
  insize=38625 outsize=618 ok=1
Cmd: preprocessCompute
  insize=7244 outsize=7246 ok=1
Cmd: preprocessCompute
  insize=6849 outsize=6851 ok=1
Cmd: preprocess
  insize=38814 outsize=617 ok=1
Cmd: preprocessCompute
  insize=7272 outsize=7274 ok=1
Cmd: preprocessCompute
  insize=6211 outsize=6213 ok=1
Cmd: preprocess
  insize=38625 outsize=618 ok=1
Cmd: preprocessCompute
  insize=7244 outsize=7246 ok=1
Cmd: preprocessCompute
  insize=6849 outsize=6851 ok=1
Cmd: preprocess
  insize=38814 outsize=617 ok=1
Cmd: preprocessCompute
  insize=7272 outsize=7274 ok=1
Cmd: preprocessCompute
  insize=6211 outsize=6213 ok=1
Cmd: preprocess
  insize=38625 outsize=618 ok=1
Cmd: preprocessCompute
  insize=7244 outsize=7246 ok=1
Cmd: preprocessCompute
  insize=6849 outsize=6851 ok=1
Cmd: preprocess
  insize=38814 outsize=617 ok=1
Cmd: preprocessCompute
  insize=7272 outsize=7274 ok=1
Cmd: preprocessCompute
  insize=6211 outsize=6213 ok=1
Cmd: preprocess
  insize=38625 outsize=618 ok=1
Cmd: preprocessCompute
  insize=7244 outsize=7246 ok=1
Cmd: preprocessCompute
  insize=6849 outsize=6851 ok=1
Cmd: preprocess
  insize=38814 outsize=617 ok=1
Cmd: preprocessCompute
  insize=7272 outsize=7274 ok=1
Cmd: preprocessCompute
  insize=6211 outsize=6213 ok=1
Cmd: preprocess
  insize=38625 outsize=618 ok=1
Cmd: preprocessCompute
  insize=7226 outsize=7228 ok=1
Cmd: compileComputeKernel
  api=4 insize=7228 outsize=2673 ok=1
Cmd: preprocessCompute
  insize=6849 outsize=6851 ok=1
Cmd: preprocess
  insize=38814 outsize=617 ok=1
Cmd: preprocessCompute
  insize=7221 outsize=7223 ok=1
Cmd: compileComputeKernel
  api=4 insize=7223 outsize=2888 ok=1
Cmd: preprocessCompute
  insize=6276 outsize=6278 ok=1
Cmd: compileComputeKernel
  api=4 insize=6278 outsize=1482 ok=1
Cmd: preprocess
  insize=38625 outsize=618 ok=1
Cmd: preprocessCompute
  insize=7226 outsize=7228 ok=1
Cmd: preprocessCompute
  insize=6849 outsize=6851 ok=1
Cmd: preprocess
  insize=38814 outsize=617 ok=1
Cmd: preprocessCompute
  insize=7221 outsize=7223 ok=1
Cmd: preprocessCompute
  insize=6276 outsize=6278 ok=1
Cmd: preprocess
  insize=38625 outsize=618 ok=1
